Build started 6/6/2015 12:41:51 AM.
     1>Project "F:\original paint brush\original paint brush\original paint brush.vcxproj" on node 2 (Build target(s)).
     1>ClCompile:
         C:\Program Files (x86)\Microsoft Visual Studio 11.0\VC\bin\CL.exe /c /ZI /nologo /W3 /WX- /Od /Oy- /D WIN32 /D _DEBUG /D _WINDOWS /D _MBCS /Gm /EHsc /RTC1 /MDd /GS /fp:precise /Zc:wchar_t /Zc:forScope /Fo"Debug\\" /Fd"Debug\vc110.pdb" /Gd /TP /analyze- /errorReport:prompt driver.cpp
         driver.cpp
     1>f:\original paint brush\original paint brush\driver.cpp(57): warning C4244: '=' : conversion from 'double' to 'int', possible loss of data
     1>f:\original paint brush\original paint brush\driver.cpp(58): warning C4244: 'argument' : conversion from 'double' to 'int', possible loss of data
     1>f:\original paint brush\original paint brush\driver.cpp(59): warning C4244: 'argument' : conversion from 'double' to 'int', possible loss of data
     1>f:\original paint brush\original paint brush\driver.cpp(102): warning C4244: 'argument' : conversion from 'double' to 'int', possible loss of data
     1>f:\original paint brush\original paint brush\driver.cpp(140): warning C4244: 'argument' : conversion from 'double' to 'int', possible loss of data
     1>f:\original paint brush\original paint brush\driver.cpp(181): warning C4244: 'argument' : conversion from 'double' to 'int', possible loss of data
     1>f:\original paint brush\original paint brush\driver.cpp(184): warning C4244: 'argument' : conversion from 'double' to 'int', possible loss of data
     1>f:\original paint brush\original paint brush\driver.cpp(221): warning C4244: 'argument' : conversion from 'double' to 'int', possible loss of data
     1>f:\original paint brush\original paint brush\driver.cpp(222): warning C4244: 'argument' : conversion from 'double' to 'int', possible loss of data
     1>f:\original paint brush\original paint brush\driver.cpp(223): warning C4244: 'argument' : conversion from 'double' to 'int', possible loss of data
     1>f:\original paint brush\original paint brush\driver.cpp(262): warning C4244: 'argument' : conversion from 'double' to 'int', possible loss of data
     1>f:\original paint brush\original paint brush\driver.cpp(263): warning C4244: 'argument' : conversion from 'double' to 'int', possible loss of data
     1>f:\original paint brush\original paint brush\driver.cpp(264): warning C4244: 'argument' : conversion from 'double' to 'int', possible loss of data
     1>f:\original paint brush\original paint brush\driver.cpp(265): warning C4244: 'argument' : conversion from 'double' to 'int', possible loss of data
     1>f:\original paint brush\original paint brush\driver.cpp(304): warning C4244: 'argument' : conversion from 'double' to 'int', possible loss of data
     1>f:\original paint brush\original paint brush\driver.cpp(305): warning C4244: 'argument' : conversion from 'double' to 'int', possible loss of data
     1>f:\original paint brush\original paint brush\driver.cpp(306): warning C4244: 'argument' : conversion from 'double' to 'int', possible loss of data
     1>f:\original paint brush\original paint brush\driver.cpp(307): warning C4244: 'argument' : conversion from 'double' to 'int', possible loss of data
       Link:
         C:\Program Files (x86)\Microsoft Visual Studio 11.0\VC\bin\link.exe /ERRORREPORT:PROMPT /OUT:"F:\original paint brush\Debug\original paint brush.exe" /INCREMENTAL /NOLOGO kernel32.lib user32.lib gdi32.lib winspool.lib comdlg32.lib advapi32.lib shell32.lib ole32.lib oleaut32.lib uuid.lib odbc32.lib odbccp32.lib /MANIFEST /MANIFESTUAC:"level='asInvoker' uiAccess='false'" /manifest:embed /DEBUG /PDB:"F:\original paint brush\Debug\original paint brush.pdb" /SUBSYSTEM:WINDOWS /TLBID:1 /DYNAMICBASE /NXCOMPAT /IMPLIB:"F:\original paint brush\Debug\original paint brush.lib" /MACHINE:X86 Debug\driver.obj
         Debug\GP142.obj
         original paint brush.vcxproj -> F:\original paint brush\Debug\original paint brush.exe
     1>Done Building Project "F:\original paint brush\original paint brush\original paint brush.vcxproj" (Build target(s)).

Build succeeded.

Time Elapsed 00:00:02.42
